<?xml version="1.0" encoding="UTF-8"?>
<testsuite name="com.bridgelabz.moodanalysertest.MoodAnalyserTest" tests="1" skipped="0" failures="0" errors="0" timestamp="2019-12-28T06:30:54" hostname="admin1-HP-EliteBook-Folio-9480m" time="0.002">
  <properties/>
  <testcase name="WhenGivenWrongClassName_ShouldReturnNoSuchClassError" classname="com.bridgelabz.moodanalysertest.MoodAnalyserTest" time="0.002"/>
  <system-out><![CDATA[]]></system-out>
  <system-err><![CDATA[]]></system-err>
</testsuite>
